FtcRobotController/build/ouputs/logs/manifest-merger-debug-report.txt
-- Merging decision tree log ---
manifest
ADDED from src\main\AndroidManifest.xml:2:1-79:12
INJECTED from src\main\AndroidManifest.xml:2:1-79:12
INJECTED from src\main\AndroidManifest.xml:2:1-79:12
	package
		INJECTED from src\main\AndroidManifest.xml
		ADDED from src\main\AndroidManifest.xml:2:1-79:12
		INJECTED from src\main\AndroidManifest.xml
	android:versionName
		ADDED from src\main\AndroidManifest.xml:5:5-32
	xmlns:tools
		ADDED from src\main\AndroidManifest.xml:3:5-51
	xmlns:android
		ADDED from src\main\AndroidManifest.xml:2:11-69
	android:versionCode
		ADDED from src\main\AndroidManifest.xml:4:5-29
uses-permission#android.permission.RECEIVE_BOOT_COMPLETED
ADDED from src\main\AndroidManifest.xml:7:3-79
	android:name
		ADDED from src\main\AndroidManifest.xml:7:20-76
application
ADDED from src\main\AndroidManifest.xml:9:3-77:17
	android:label
		ADDED from src\main\AndroidManifest.xml:13:7-39
	android:largeHeap
		ADDED from src\main\AndroidManifest.xml:11:7-31
	android:icon
		ADDED from src\main\AndroidManifest.xml:12:7-43
	android:allowBackup
		ADDED from src\main\AndroidManifest.xml:10:7-33
	android:theme
		ADDED from src\main\AndroidManifest.xml:14:7-43
	android:usesCleartextTraffic
		ADDED from src\main\AndroidManifest.xml:15:7-42
meta-data#org.firstinspires.latestSupportedControlHubVersion
ADDED from src\main\AndroidManifest.xml:18:5-20:29
	android:value
		ADDED from src\main\AndroidManifest.xml:20:9-26
	android:name
		ADDED from src\main\AndroidManifest.xml:19:9-74
activity#org.firstinspires.ftc.robotcontroller.internal.PermissionValidatorWrapper
ADDED from src\main\AndroidManifest.xml:23:5-34:16
	android:screenOrientation
		ADDED from src\main\AndroidManifest.xml:24:9-45
	android:label
		ADDED from src\main\AndroidManifest.xml:26:9-41
	android:launchMode
		ADDED from src\main\AndroidManifest.xml:27:9-40
	android:configChanges
		ADDED from src\main\AndroidManifest.xml:25:9-55
	android:name
		ADDED from src\main\AndroidManifest.xml:23:15-103
intent-filter#action:name:android.intent.action.MAIN+category:name:android.intent.category.LAUNCHER
ADDED from src\main\AndroidManifest.xml:29:7-32:23
category#android.intent.category.LAUNCHER
ADDED from src\main\AndroidManifest.xml:30:9-69
	android:name
		ADDED from src\main\AndroidManifest.xml:30:19-66
action#android.intent.action.MAIN
ADDED from src\main\AndroidManifest.xml:31:9-61
	android:name
		ADDED from src\main\AndroidManifest.xml:31:17-58
activity#org.firstinspires.ftc.robotcontroller.internal.FtcRobotControllerActivity
ADDED from src\main\AndroidManifest.xml:36:5-55:16
	android:screenOrientation
		ADDED from src\main\AndroidManifest.xml:38:9-45
	android:label
		ADDED from src\main\AndroidManifest.xml:40:9-41
	android:launchMode
		ADDED from src\main\AndroidManifest.xml:41:9-40
	android:configChanges
		ADDED from src\main\AndroidManifest.xml:39:9-55
	android:name
		ADDED from src\main\AndroidManifest.xml:37:9-97
intent-filter#action:name:android.hardware.usb.action.USB_DEVICE_ATTACHED
ADDED from src\main\AndroidManifest.xml:43:7-45:23
action#android.hardware.usb.action.USB_DEVICE_ATTACHED
ADDED from src\main\AndroidManifest.xml:44:9-82
	android:name
		ADDED from src\main\AndroidManifest.xml:44:17-79
meta-data#android.hardware.usb.action.USB_DEVICE_ATTACHED
ADDED from src\main\AndroidManifest.xml:47:7-49:51
	android:resource
		ADDED from src\main\AndroidManifest.xml:49:11-48
	android:name
		ADDED from src\main\AndroidManifest.xml:48:11-73
meta-data#org.firstinspires.main.entry
ADDED from src\main\AndroidManifest.xml:52:7-54:34
	android:value
		ADDED from src\main\AndroidManifest.xml:54:11-31
	android:name
		ADDED from src\main\AndroidManifest.xml:53:11-54
service#com.qualcomm.ftccommon.FtcRobotControllerService
ADDED from src\main\AndroidManifest.xml:58:5-60:34
	android:enabled
		ADDED from src\main\AndroidManifest.xml:60:9-31
	android:name
		ADDED from src\main\AndroidManifest.xml:59:9-72
receiver#org.firstinspires.ftc.ftccommon.internal.RunOnBoot
ADDED from src\main\AndroidManifest.xml:64:5-75:16
	android:enabled
		ADDED from src\main\AndroidManifest.xml:65:9-31
	android:exported
		ADDED from src\main\AndroidManifest.xml:66:9-32
	android:permission
		ADDED from src\main\AndroidManifest.xml:68:9-71
	android:name
		ADDED from src\main\AndroidManifest.xml:67:9-74
intent-filter#action:name:android.intent.action.BOOT_COMPLETED+action:name:android.intent.action.QUICKBOOT_POWERON+category:name:android.intent.category.DEFAULT
ADDED from src\main\AndroidManifest.xml:70:7-74:23
category#android.intent.category.DEFAULT
ADDED from src\main\AndroidManifest.xml:71:9-68
	android:name
		ADDED from src\main\AndroidManifest.xml:71:19-65
action#android.intent.action.BOOT_COMPLETED
ADDED from src\main\AndroidManifest.xml:72:9-71
	android:name
		ADDED from src\main\AndroidManifest.xml:72:17-68
action#android.intent.action.QUICKBOOT_POWERON
ADDED from src\main\AndroidManifest.xml:73:9-74
	android:name
		ADDED from src\main\AndroidManifest.xml:73:17-71
uses-sdk
INJECTED from src\main\AndroidManifest.xml reason: use-sdk injection requested
INJECTED from src\main\AndroidManifest.xml
INJECTED from src\main\AndroidManifest.xml
INJECTED from src\main\AndroidManifest.xml
INJECTED from src\main\AndroidManifest.xml
	android:targetSdkVersion
		INJECTED from src\main\AndroidManifest.xml
		ADDED from src\main\AndroidManifest.xml
		INJECTED from src\main\AndroidManifest.xml
	android:minSdkVersion
		INJECTED from src\main\AndroidManifest.xml
		ADDED from src\main\AndroidManifest.xml
		INJECTED from src\main\AndroidManifest.xml